  [1m[35m (107.8ms)[0m  [1m[35mCREATE DATABASE "first_routes_and__controllers_development" ENCODING = 'unicode'[0m
  ↳ bin/rails:9
  [1m[35m (43.8ms)[0m  [1m[35mCREATE DATABASE "first_routes_and__controllers_test" ENCODING = 'unicode'[0m
  ↳ bin/rails:9
Started GET "/" for ::1 at 2022-05-04 14:13:20 -0400
Processing by Rails::WelcomeController#index as HTML
  Rendering /Users/cuatrobook/.rbenv/versions/2.5.1/lib/ruby/gems/2.5.0/gems/railties-5.2.7.1/lib/rails/templates/rails/welcome/index.html.erb
  Rendered /Users/cuatrobook/.rbenv/versions/2.5.1/lib/ruby/gems/2.5.0/gems/railties-5.2.7.1/lib/rails/templates/rails/welcome/index.html.erb (1.9ms)
Completed 200 OK in 10ms (Views: 4.8ms | ActiveRecord: 0.0ms)


Started GET "/" for ::1 at 2022-05-04 14:15:33 -0400
Processing by Rails::WelcomeController#index as */*
  Rendering /Users/cuatrobook/.rbenv/versions/2.5.1/lib/ruby/gems/2.5.0/gems/railties-5.2.7.1/lib/rails/templates/rails/welcome/index.html.erb
  Rendered /Users/cuatrobook/.rbenv/versions/2.5.1/lib/ruby/gems/2.5.0/gems/railties-5.2.7.1/lib/rails/templates/rails/welcome/index.html.erb (6.4ms)
Completed 200 OK in 49ms (Views: 24.6ms | ActiveRecord: 0.0ms)


Started GET "/?/users.html" for ::1 at 2022-05-04 14:16:50 -0400
Processing by Rails::WelcomeController#index as */*
  Parameters: {"/users.html"=>nil}
  Rendering /Users/cuatrobook/.rbenv/versions/2.5.1/lib/ruby/gems/2.5.0/gems/railties-5.2.7.1/lib/rails/templates/rails/welcome/index.html.erb
  Rendered /Users/cuatrobook/.rbenv/versions/2.5.1/lib/ruby/gems/2.5.0/gems/railties-5.2.7.1/lib/rails/templates/rails/welcome/index.html.erb (2.8ms)
Completed 200 OK in 56ms (Views: 29.4ms | ActiveRecord: 0.0ms)


Started GET "/?users.html" for ::1 at 2022-05-04 14:17:45 -0400
Processing by Rails::WelcomeController#index as */*
  Parameters: {"users.html"=>nil}
  Rendering /Users/cuatrobook/.rbenv/versions/2.5.1/lib/ruby/gems/2.5.0/gems/railties-5.2.7.1/lib/rails/templates/rails/welcome/index.html.erb
  Rendered /Users/cuatrobook/.rbenv/versions/2.5.1/lib/ruby/gems/2.5.0/gems/railties-5.2.7.1/lib/rails/templates/rails/welcome/index.html.erb (3.7ms)
Completed 200 OK in 64ms (Views: 28.9ms | ActiveRecord: 0.0ms)


Started GET "/?users&" for ::1 at 2022-05-04 14:18:35 -0400
Processing by Rails::WelcomeController#index as */*
  Parameters: {"users"=>nil}
  Rendering /Users/cuatrobook/.rbenv/versions/2.5.1/lib/ruby/gems/2.5.0/gems/railties-5.2.7.1/lib/rails/templates/rails/welcome/index.html.erb
  Rendered /Users/cuatrobook/.rbenv/versions/2.5.1/lib/ruby/gems/2.5.0/gems/railties-5.2.7.1/lib/rails/templates/rails/welcome/index.html.erb (2.9ms)
Completed 200 OK in 63ms (Views: 28.7ms | ActiveRecord: 0.0ms)


Started GET "/?user&" for ::1 at 2022-05-04 14:18:51 -0400
Processing by Rails::WelcomeController#index as */*
  Parameters: {"user"=>nil}
  Rendering /Users/cuatrobook/.rbenv/versions/2.5.1/lib/ruby/gems/2.5.0/gems/railties-5.2.7.1/lib/rails/templates/rails/welcome/index.html.erb
  Rendered /Users/cuatrobook/.rbenv/versions/2.5.1/lib/ruby/gems/2.5.0/gems/railties-5.2.7.1/lib/rails/templates/rails/welcome/index.html.erb (1.4ms)
Completed 200 OK in 66ms (Views: 22.0ms | ActiveRecord: 0.0ms)


Started GET "/?user" for ::1 at 2022-05-04 14:19:04 -0400
Processing by Rails::WelcomeController#index as */*
  Parameters: {"user"=>nil}
  Rendering /Users/cuatrobook/.rbenv/versions/2.5.1/lib/ruby/gems/2.5.0/gems/railties-5.2.7.1/lib/rails/templates/rails/welcome/index.html.erb
  Rendered /Users/cuatrobook/.rbenv/versions/2.5.1/lib/ruby/gems/2.5.0/gems/railties-5.2.7.1/lib/rails/templates/rails/welcome/index.html.erb (2.3ms)
Completed 200 OK in 70ms (Views: 29.2ms | ActiveRecord: 0.0ms)


Started GET "/?/user" for ::1 at 2022-05-04 14:19:27 -0400
Processing by Rails::WelcomeController#index as */*
  Parameters: {"/user"=>nil}
  Rendering /Users/cuatrobook/.rbenv/versions/2.5.1/lib/ruby/gems/2.5.0/gems/railties-5.2.7.1/lib/rails/templates/rails/welcome/index.html.erb
  Rendered /Users/cuatrobook/.rbenv/versions/2.5.1/lib/ruby/gems/2.5.0/gems/railties-5.2.7.1/lib/rails/templates/rails/welcome/index.html.erb (2.6ms)
Completed 200 OK in 64ms (Views: 26.1ms | ActiveRecord: 0.0ms)


Started GET "/?/users" for ::1 at 2022-05-04 14:20:05 -0400
Processing by Rails::WelcomeController#index as */*
  Parameters: {"/users"=>nil}
  Rendering /Users/cuatrobook/.rbenv/versions/2.5.1/lib/ruby/gems/2.5.0/gems/railties-5.2.7.1/lib/rails/templates/rails/welcome/index.html.erb
  Rendered /Users/cuatrobook/.rbenv/versions/2.5.1/lib/ruby/gems/2.5.0/gems/railties-5.2.7.1/lib/rails/templates/rails/welcome/index.html.erb (2.6ms)
Completed 200 OK in 65ms (Views: 27.4ms | ActiveRecord: 0.0ms)


Started GET "/?/users.html" for ::1 at 2022-05-04 14:21:28 -0400
Processing by Rails::WelcomeController#index as */*
  Parameters: {"/users.html"=>nil}
  Rendering /Users/cuatrobook/.rbenv/versions/2.5.1/lib/ruby/gems/2.5.0/gems/railties-5.2.7.1/lib/rails/templates/rails/welcome/index.html.erb
  Rendered /Users/cuatrobook/.rbenv/versions/2.5.1/lib/ruby/gems/2.5.0/gems/railties-5.2.7.1/lib/rails/templates/rails/welcome/index.html.erb (2.9ms)
Completed 200 OK in 64ms (Views: 26.3ms | ActiveRecord: 0.0ms)


Started GET "/?/users.html" for ::1 at 2022-05-04 14:21:57 -0400
Processing by Rails::WelcomeController#index as */*
  Parameters: {"/users.html"=>nil}
  Rendering /Users/cuatrobook/.rbenv/versions/2.5.1/lib/ruby/gems/2.5.0/gems/railties-5.2.7.1/lib/rails/templates/rails/welcome/index.html.erb
  Rendered /Users/cuatrobook/.rbenv/versions/2.5.1/lib/ruby/gems/2.5.0/gems/railties-5.2.7.1/lib/rails/templates/rails/welcome/index.html.erb (1.8ms)
Completed 200 OK in 49ms (Views: 24.3ms | ActiveRecord: 0.0ms)


Started GET "/?/user.html" for ::1 at 2022-05-04 14:22:06 -0400
Processing by Rails::WelcomeController#index as */*
  Parameters: {"/user.html"=>nil}
  Rendering /Users/cuatrobook/.rbenv/versions/2.5.1/lib/ruby/gems/2.5.0/gems/railties-5.2.7.1/lib/rails/templates/rails/welcome/index.html.erb
  Rendered /Users/cuatrobook/.rbenv/versions/2.5.1/lib/ruby/gems/2.5.0/gems/railties-5.2.7.1/lib/rails/templates/rails/welcome/index.html.erb (2.4ms)
Completed 200 OK in 54ms (Views: 22.0ms | ActiveRecord: 0.0ms)


Started GET "/?users" for ::1 at 2022-05-04 14:24:44 -0400
  
ActiveRecord::NoDatabaseError (connection to server on socket "/tmp/.s.PGSQL.5432" failed: FATAL:  database "first_routes_and__controllers_development" does not exist
):
  
activerecord (5.2.7.1) lib/active_record/connection_adapters/postgresql_adapter.rb:696:in `rescue in connect'
activerecord (5.2.7.1) lib/active_record/connection_adapters/postgresql_adapter.rb:691:in `connect'
activerecord (5.2.7.1) lib/active_record/connection_adapters/postgresql_adapter.rb:223:in `initialize'
activerecord (5.2.7.1) lib/active_record/connection_adapters/postgresql_adapter.rb:48:in `new'
activerecord (5.2.7.1) lib/active_record/connection_adapters/postgresql_adapter.rb:48:in `postgresql_connection'
activerecord (5.2.7.1) lib/active_record/connection_adapters/abstract/connection_pool.rb:830:in `new_connection'
activerecord (5.2.7.1) lib/active_record/connection_adapters/abstract/connection_pool.rb:874:in `checkout_new_connection'
activerecord (5.2.7.1) lib/active_record/connection_adapters/abstract/connection_pool.rb:853:in `try_to_checkout_new_connection'
activerecord (5.2.7.1) lib/active_record/connection_adapters/abstract/connection_pool.rb:814:in `acquire_connection'
activerecord (5.2.7.1) lib/active_record/connection_adapters/abstract/connection_pool.rb:538:in `checkout'
activerecord (5.2.7.1) lib/active_record/connection_adapters/abstract/connection_pool.rb:382:in `connection'
activerecord (5.2.7.1) lib/active_record/connection_adapters/abstract/connection_pool.rb:1033:in `retrieve_connection'
activerecord (5.2.7.1) lib/active_record/connection_handling.rb:118:in `retrieve_connection'
activerecord (5.2.7.1) lib/active_record/connection_handling.rb:90:in `connection'
activerecord (5.2.7.1) lib/active_record/migration.rb:554:in `call'
actionpack (5.2.7.1) lib/action_dispatch/middleware/callbacks.rb:28:in `block in call'
activesupport (5.2.7.1) lib/active_support/callbacks.rb:98:in `run_callbacks'
actionpack (5.2.7.1) lib/action_dispatch/middleware/callbacks.rb:26:in `call'
actionpack (5.2.7.1) lib/action_dispatch/middleware/executor.rb:14:in `call'
actionpack (5.2.7.1) lib/action_dispatch/middleware/debug_exceptions.rb:61:in `call'
web-console (3.7.0) lib/web_console/middleware.rb:135:in `call_app'
web-console (3.7.0) lib/web_console/middleware.rb:30:in `block in call'
web-console (3.7.0) lib/web_console/middleware.rb:20:in `catch'
web-console (3.7.0) lib/web_console/middleware.rb:20:in `call'
actionpack (5.2.7.1) lib/action_dispatch/middleware/show_exceptions.rb:33:in `call'
railties (5.2.7.1) lib/rails/rack/logger.rb:38:in `call_app'
railties (5.2.7.1) lib/rails/rack/logger.rb:26:in `block in call'
activesupport (5.2.7.1) lib/active_support/tagged_logging.rb:71:in `block in tagged'
activesupport (5.2.7.1) lib/active_support/tagged_logging.rb:28:in `tagged'
activesupport (5.2.7.1) lib/active_support/tagged_logging.rb:71:in `tagged'
railties (5.2.7.1) lib/rails/rack/logger.rb:26:in `call'
sprockets-rails (3.4.2) lib/sprockets/rails/quiet_assets.rb:13:in `call'
actionpack (5.2.7.1) lib/action_dispatch/middleware/remote_ip.rb:81:in `call'
actionpack (5.2.7.1) lib/action_dispatch/middleware/request_id.rb:27:in `call'
rack (2.2.3) lib/rack/method_override.rb:24:in `call'
rack (2.2.3) lib/rack/runtime.rb:22:in `call'
activesupport (5.2.7.1) lib/active_support/cache/strategy/local_cache_middleware.rb:29:in `call'
actionpack (5.2.7.1) lib/action_dispatch/middleware/executor.rb:14:in `call'
actionpack (5.2.7.1) lib/action_dispatch/middleware/static.rb:127:in `call'
rack (2.2.3) lib/rack/sendfile.rb:110:in `call'
railties (5.2.7.1) lib/rails/engine.rb:524:in `call'
puma (3.12.6) lib/puma/configuration.rb:227:in `call'
puma (3.12.6) lib/puma/server.rb:706:in `handle_request'
puma (3.12.6) lib/puma/server.rb:476:in `process_client'
puma (3.12.6) lib/puma/server.rb:334:in `block in run'
puma (3.12.6) lib/puma/thread_pool.rb:135:in `block in spawn_thread'
  [1m[35m (87.7ms)[0m  [1m[35mCREATE DATABASE "first_routes_and__controllers_development" ENCODING = 'unicode'[0m
  ↳ bin/rails:9
  [1m[35m (41.5ms)[0m  [1m[35mCREATE DATABASE "first_routes_and__controllers_test" ENCODING = 'unicode'[0m
  ↳ bin/rails:9
Started GET "/?users" for ::1 at 2022-05-04 14:26:14 -0400
Started GET "/?users" for ::1 at 2022-05-04 14:26:14 -0400
Started GET "/?users" for ::1 at 2022-05-04 14:30:13 -0400
Processing by Rails::WelcomeController#index as */*
  Parameters: {"users"=>nil}
  Rendering /Users/gabrielgroenendaal/.rbenv/versions/2.5.1/lib/ruby/gems/2.5.0/gems/railties-5.2.7.1/lib/rails/templates/rails/welcome/index.html.erb
  Rendered /Users/gabrielgroenendaal/.rbenv/versions/2.5.1/lib/ruby/gems/2.5.0/gems/railties-5.2.7.1/lib/rails/templates/rails/welcome/index.html.erb (2.2ms)
Completed 200 OK in 41ms (Views: 19.8ms | ActiveRecord: 0.0ms)


Started GET "/?users" for ::1 at 2022-05-04 14:30:52 -0400
Processing by Rails::WelcomeController#index as */*
  Parameters: {"users"=>nil}
  Rendering /Users/gabrielgroenendaal/.rbenv/versions/2.5.1/lib/ruby/gems/2.5.0/gems/railties-5.2.7.1/lib/rails/templates/rails/welcome/index.html.erb
  Rendered /Users/gabrielgroenendaal/.rbenv/versions/2.5.1/lib/ruby/gems/2.5.0/gems/railties-5.2.7.1/lib/rails/templates/rails/welcome/index.html.erb (1.6ms)
Completed 200 OK in 50ms (Views: 27.3ms | ActiveRecord: 0.0ms)


Started GET "/?users/user" for ::1 at 2022-05-04 14:33:02 -0400
Processing by Rails::WelcomeController#index as */*
  Parameters: {"users/user"=>nil}
  Rendering /Users/gabrielgroenendaal/.rbenv/versions/2.5.1/lib/ruby/gems/2.5.0/gems/railties-5.2.7.1/lib/rails/templates/rails/welcome/index.html.erb
  Rendered /Users/gabrielgroenendaal/.rbenv/versions/2.5.1/lib/ruby/gems/2.5.0/gems/railties-5.2.7.1/lib/rails/templates/rails/welcome/index.html.erb (1.5ms)
Completed 200 OK in 44ms (Views: 23.6ms | ActiveRecord: 0.0ms)


Started GET "/?users" for ::1 at 2022-05-04 14:33:11 -0400
Processing by Rails::WelcomeController#index as */*
  Parameters: {"users"=>nil}
  Rendering /Users/gabrielgroenendaal/.rbenv/versions/2.5.1/lib/ruby/gems/2.5.0/gems/railties-5.2.7.1/lib/rails/templates/rails/welcome/index.html.erb
  Rendered /Users/gabrielgroenendaal/.rbenv/versions/2.5.1/lib/ruby/gems/2.5.0/gems/railties-5.2.7.1/lib/rails/templates/rails/welcome/index.html.erb (2.3ms)
Completed 200 OK in 62ms (Views: 25.6ms | ActiveRecord: 0.0ms)


Started GET "/?users.html" for ::1 at 2022-05-04 14:34:54 -0400
Processing by Rails::WelcomeController#index as */*
  Parameters: {"users.html"=>nil}
  Rendering /Users/gabrielgroenendaal/.rbenv/versions/2.5.1/lib/ruby/gems/2.5.0/gems/railties-5.2.7.1/lib/rails/templates/rails/welcome/index.html.erb
  Rendered /Users/gabrielgroenendaal/.rbenv/versions/2.5.1/lib/ruby/gems/2.5.0/gems/railties-5.2.7.1/lib/rails/templates/rails/welcome/index.html.erb (1.6ms)
Completed 200 OK in 50ms (Views: 18.2ms | ActiveRecord: 0.0ms)


Started GET "/" for ::1 at 2022-05-04 14:37:24 -0400
Processing by Rails::WelcomeController#index as */*
  Parameters: {"user"=>""}
  Rendering /Users/gabrielgroenendaal/.rbenv/versions/2.5.1/lib/ruby/gems/2.5.0/gems/railties-5.2.7.1/lib/rails/templates/rails/welcome/index.html.erb
  Rendered /Users/gabrielgroenendaal/.rbenv/versions/2.5.1/lib/ruby/gems/2.5.0/gems/railties-5.2.7.1/lib/rails/templates/rails/welcome/index.html.erb (2.0ms)
Completed 200 OK in 40ms (Views: 20.9ms | ActiveRecord: 0.0ms)


Started GET "/users" for ::1 at 2022-05-04 14:37:58 -0400
Processing by UsersController#index as */*
Completed 500 Internal Server Error in 1ms (ActiveRecord: 0.0ms)


  
ArgumentError ('JSON' is not an ActiveModel-compatible object. It must implement :to_partial_path.):
  
app/controllers/users_controller.rb:3:in `index'
Started GET "/users" for ::1 at 2022-05-04 14:39:36 -0400
Processing by UsersController#index as */*
  Rendering text template
  Rendered text template (0.0ms)
Completed 200 OK in 2ms (Views: 1.5ms | ActiveRecord: 0.0ms)


Started GET "/users?favorite_food=pizza" for ::1 at 2022-05-04 14:41:03 -0400
Processing by UsersController#index as */*
  Parameters: {"favorite_food"=>"pizza"}
  Rendering text template
  Rendered text template (0.0ms)
Completed 200 OK in 1ms (Views: 0.4ms | ActiveRecord: 0.0ms)


Started GET "/users?favorite_food=pizza&favorite_apple=chester" for ::1 at 2022-05-04 14:41:24 -0400
Processing by UsersController#index as */*
  Parameters: {"favorite_food"=>"pizza", "favorite_apple"=>"chester"}
  Rendering text template
  Rendered text template (0.0ms)
Completed 200 OK in 2ms (Views: 1.5ms | ActiveRecord: 0.0ms)


Started GET "/users?admin=true" for ::1 at 2022-05-04 14:41:47 -0400
Processing by UsersController#index as */*
  Parameters: {"admin"=>"true"}
  Rendering text template
  Rendered text template (0.0ms)
Completed 200 OK in 1ms (Views: 0.4ms | ActiveRecord: 0.0ms)


Started POST "/users?favorite_food=pizza&favorite_apple=chester" for ::1 at 2022-05-04 14:42:52 -0400
Processing by UsersController#create as */*
  Parameters: {"favorite_food"=>"pizza", "favorite_apple"=>"chester"}
Completed 200 OK in 0ms (Views: 0.2ms | ActiveRecord: 0.0ms)


Started POST "/users" for ::1 at 2022-05-04 14:45:09 -0400
Processing by UsersController#create as */*
  Parameters: {"ayce_cool_hats"=>{"rim_hat"=>"A really big hat", "bowler_cap"=>"A super cool hat"}}
Completed 200 OK in 0ms (Views: 0.1ms | ActiveRecord: 0.0ms)


Started POST "/users" for ::1 at 2022-05-04 14:45:37 -0400
Processing by UsersController#create as */*
  Parameters: {"ayce_cool_hats"=>{"rim_hat"=>"A really big hat", "bowler_cap"=>"A super cool hat"}, "outer_hash"=>{"inner_hash"=>{"key"=>"value"}}}
Completed 200 OK in 1ms (Views: 0.5ms | ActiveRecord: 0.0ms)


Started POST "/users" for ::1 at 2022-05-04 14:45:56 -0400
Processing by UsersController#create as */*
  Parameters: {"ayce_cool_hats"=>{"rim_hat"=>"A really big hat", "bowler_cap"=>"A super cool hat"}, "outer_hash"=>{"inner_hash"=>{"key"=>"value"}}, "inner_hash"=>{"key2"=>"apple"}}
Completed 200 OK in 1ms (Views: 0.3ms | ActiveRecord: 0.0ms)


Started POST "/users" for ::1 at 2022-05-04 14:46:28 -0400
Processing by UsersController#create as */*
  Parameters: {"user"=>{":username"=>"Calliope", ":password"=>"[FILTERED]"}}
Completed 200 OK in 1ms (Views: 0.3ms | ActiveRecord: 0.0ms)


  [1m[35m (20.6ms)[0m  [1m[35mCREATE TABLE "schema_migrations" ("version" character varying NOT NULL PRIMARY KEY)[0m
  ↳ bin/rails:9
  [1m[35m (1.2ms)[0m  [1m[35mCREATE TABLE "ar_internal_metadata" ("key" character varying NOT NULL PRIMARY KEY, "value" character varying, "created_at" timestamp NOT NULL, "updated_at" timestamp NOT NULL)[0m
  ↳ bin/rails:9
  [1m[35m (0.2ms)[0m  [1m[34mSELECT pg_try_advisory_lock(8589268375293602745)[0m
  ↳ bin/rails:9
  [1m[35m (0.3ms)[0m  [1m[34mSELECT "schema_migrations"."version" FROM "schema_migrations" ORDER BY "schema_migrations"."version" ASC[0m
  ↳ bin/rails:9
Migrating to CreateUsers (20220504184740)
  [1m[35m (0.0ms)[0m  [1m[35mBEGIN[0m
  ↳ bin/rails:9
  [1m[35m (2.2ms)[0m  [1m[35mCREATE TABLE "users" ("id" bigserial primary key, "name" character varying NOT NULL, "email" character varying NOT NULL, "created_at" timestamp NOT NULL, "updated_at" timestamp NOT NULL)[0m
  ↳ db/migrate/20220504184740_create_users.rb:3
  [1m[36mActiveRecord::SchemaMigration Create (0.5ms)[0m  [1m[32mINSERT INTO "schema_migrations" ("version") VALUES ($1) RETURNING "version"[0m  [["version", "20220504184740"]]
  ↳ bin/rails:9
  [1m[35m (0.3ms)[0m  [1m[35mCOMMIT[0m
  ↳ bin/rails:9
Migrating to AddUsers (20220504184752)
  [1m[35m (0.2ms)[0m  [1m[35mBEGIN[0m
  ↳ bin/rails:9
  [1m[36mActiveRecord::SchemaMigration Create (0.1ms)[0m  [1m[32mINSERT INTO "schema_migrations" ("version") VALUES ($1) RETURNING "version"[0m  [["version", "20220504184752"]]
  ↳ bin/rails:9
  [1m[35m (0.1ms)[0m  [1m[35mCOMMIT[0m
  ↳ bin/rails:9
  [1m[36mActiveRecord::InternalMetadata Load (0.1ms)[0m  [1m[34mSELECT  "ar_internal_metadata".* FROM "ar_internal_metadata" WHERE "ar_internal_metadata"."key" = $1 LIMIT $2[0m  [["key", "environment"], ["LIMIT", 1]]
  ↳ bin/rails:9
  [1m[35m (0.0ms)[0m  [1m[35mBEGIN[0m
  ↳ bin/rails:9
  [1m[36mActiveRecord::InternalMetadata Create (0.4ms)[0m  [1m[32mINSERT INTO "ar_internal_metadata" ("key", "value", "created_at", "updated_at") VALUES ($1, $2, $3, $4) RETURNING "key"[0m  [["key", "environment"], ["value", "development"], ["created_at", "2022-05-04 18:48:47.448171"], ["updated_at", "2022-05-04 18:48:47.448171"]]
  ↳ bin/rails:9
  [1m[35m (0.1ms)[0m  [1m[35mCOMMIT[0m
  ↳ bin/rails:9
  [1m[35m (0.1ms)[0m  [1m[34mSELECT pg_advisory_unlock(8589268375293602745)[0m
  ↳ bin/rails:9
  [1m[35m (0.1ms)[0m  [1m[34mSELECT "schema_migrations"."version" FROM "schema_migrations" ORDER BY "schema_migrations"."version" ASC[0m
  ↳ bin/rails:9
Started GET "/users" for ::1 at 2022-05-04 14:49:58 -0400
  [1m[35m (0.5ms)[0m  [1m[34mSELECT "schema_migrations"."version" FROM "schema_migrations" ORDER BY "schema_migrations"."version" ASC[0m
  ↳ /Users/gabrielgroenendaal/.rbenv/versions/2.5.1/lib/ruby/gems/2.5.0/gems/activerecord-5.2.7.1/lib/active_record/log_subscriber.rb:98
Processing by UsersController#index as */*
  Parameters: {"user"=>{":username"=>"Calliope", ":password"=>"[FILTERED]"}}
  [1m[36mUser Load (0.8ms)[0m  [1m[34mSELECT "users".* FROM "users"[0m
  ↳ app/controllers/users_controller.rb:4
Completed 200 OK in 4ms (Views: 1.0ms | ActiveRecord: 1.8ms)


  [1m[35m (0.6ms)[0m  [1m[34mSELECT "schema_migrations"."version" FROM "schema_migrations" ORDER BY "schema_migrations"."version" ASC[0m
  ↳ bin/rails:9
  [1m[36mUser Load (0.9ms)[0m  [1m[34mSELECT "users".* FROM "users"[0m
  ↳ db/seeds.rb:9
  [1m[35m (0.1ms)[0m  [1m[35mBEGIN[0m
  ↳ db/seeds.rb:10
  [1m[36mUser Create (0.5ms)[0m  [1m[32mINSERT INTO "users" ("name", "email", "created_at", "updated_at") VALUES ($1, $2, $3, $4) RETURNING "id"[0m  [["name", "Gabriel"], ["email", "gabegroenendaal@gmail.com"], ["created_at", "2022-05-04 18:50:45.543125"], ["updated_at", "2022-05-04 18:50:45.543125"]]
  ↳ db/seeds.rb:10
  [1m[35m (0.9ms)[0m  [1m[35mCOMMIT[0m
  ↳ db/seeds.rb:10
  [1m[35m (0.5ms)[0m  [1m[35mBEGIN[0m
  ↳ db/seeds.rb:11
  [1m[36mUser Create (0.3ms)[0m  [1m[32mINSERT INTO "users" ("name", "email", "created_at", "updated_at") VALUES ($1, $2, $3, $4) RETURNING "id"[0m  [["name", "Eric"], ["email", "eric@gmail.com"], ["created_at", "2022-05-04 18:50:45.547335"], ["updated_at", "2022-05-04 18:50:45.547335"]]
  ↳ db/seeds.rb:11
  [1m[35m (0.2ms)[0m  [1m[35mCOMMIT[0m
  ↳ db/seeds.rb:11
Started GET "/users" for ::1 at 2022-05-04 14:50:48 -0400
Processing by UsersController#index as */*
  Parameters: {"user"=>{":username"=>"Calliope", ":password"=>"[FILTERED]"}}
  [1m[36mUser Load (0.2ms)[0m  [1m[34mSELECT "users".* FROM "users"[0m
  ↳ app/controllers/users_controller.rb:4
Completed 200 OK in 12ms (Views: 9.4ms | ActiveRecord: 2.5ms)


Started POST "/users" for ::1 at 2022-05-04 14:52:56 -0400
Processing by UsersController#create as */*
  Parameters: {"user"=>{"name"=>"Gabriel", "email"=>"gfg243@nyu.edu"}}
  [1m[35m (0.1ms)[0m  [1m[35mBEGIN[0m
  ↳ app/controllers/users_controller.rb:10
  [1m[36mUser Create (0.5ms)[0m  [1m[32mINSERT INTO "users" ("name", "email", "created_at", "updated_at") VALUES ($1, $2, $3, $4) RETURNING "id"[0m  [["name", "Gabriel"], ["email", "gfg243@nyu.edu"], ["created_at", "2022-05-04 18:52:56.681898"], ["updated_at", "2022-05-04 18:52:56.681898"]]
  ↳ app/controllers/users_controller.rb:10
  [1m[35m (0.6ms)[0m  [1m[35mCOMMIT[0m
  ↳ app/controllers/users_controller.rb:10
Completed 200 OK in 11ms (Views: 0.4ms | ActiveRecord: 5.7ms)


Started POST "/users" for ::1 at 2022-05-04 14:54:08 -0400
Processing by UsersController#create as */*
  Parameters: {"user"=>{"name"=>"Gabriel", "email"=>"gfg243@nyu.edu"}}
  [1m[35m (0.1ms)[0m  [1m[35mBEGIN[0m
  ↳ app/controllers/users_controller.rb:10
  [1m[36mUser Create (0.3ms)[0m  [1m[32mINSERT INTO "users" ("name", "email", "created_at", "updated_at") VALUES ($1, $2, $3, $4) RETURNING "id"[0m  [["name", "Gabriel"], ["email", "gfg243@nyu.edu"], ["created_at", "2022-05-04 18:54:08.141256"], ["updated_at", "2022-05-04 18:54:08.141256"]]
  ↳ app/controllers/users_controller.rb:10
  [1m[35m (0.5ms)[0m  [1m[35mCOMMIT[0m
  ↳ app/controllers/users_controller.rb:10
Completed 200 OK in 10ms (Views: 0.3ms | ActiveRecord: 3.9ms)


Started POST "/users" for ::1 at 2022-05-04 14:54:11 -0400
Processing by UsersController#create as */*
  Parameters: {"user"=>{"name"=>"Gabriel"}}
  [1m[35m (0.1ms)[0m  [1m[35mBEGIN[0m
  ↳ app/controllers/users_controller.rb:10
  [1m[35m (0.2ms)[0m  [1m[31mROLLBACK[0m
  ↳ app/controllers/users_controller.rb:10
Completed 422 Unprocessable Entity in 9ms (ActiveRecord: 0.3ms)


  
ActiveRecord::RecordInvalid (Validation failed: Email can't be blank):
  
app/controllers/users_controller.rb:10:in `create'
